app/build/outputs/mapping/release/seeds.txt
androidx.appcompat.widget.ContentFrameLayout: ContentFrameLayout(android.content.Context,android.util.AttributeSet)
com.fasterxml.jackson.databind.deser.std.DateDeserializers$SqlDateDeserializer: java.lang.Object deserialize(com.fasterxml.jackson.core.JsonParser,com.fasterxml.jackson.databind.DeserializationContext)
com.fasterxml.jackson.module.kotlin.KotlinKeySerializers: KotlinKeySerializers()
com.fasterxml.jackson.databind.ser.BeanPropertyWriter: void setNonTrivialBaseType(com.fasterxml.jackson.databind.JavaType)
com.fasterxml.jackson.core.json.DupDetector: com.fasterxml.jackson.core.json.DupDetector rootDetector(com.fasterxml.jackson.core.JsonParser)
com.fasterxml.jackson.databind.node.TreeTraversingParser: java.math.BigInteger getBigIntegerValue()
com.fasterxml.jackson.databind.node.NodeCursor$RootCursor: com.fasterxml.jackson.databind.node.NodeCursor startObject()
com.fasterxml.jackson.databind.deser.std.StringDeserializer: java.lang.String deserializeWithType(com.fasterxml.jackson.core.JsonParser,com.fasterxml.jackson.databind.DeserializationContext,com.fasterxml.jackson.databind.jsontype.TypeDeserializer)
com.fasterxml.jackson.databind.jsontype.impl.TypeNameIdResolver: TypeNameIdResolver(com.fasterxml.jackson.databind.cfg.MapperConfig,com.fasterxml.jackson.databind.JavaType,java.util.concurrent.ConcurrentHashMap,java.util.HashMap)
com.fasterxml.jackson.databind.introspect.MemberKey: MemberKey(java.lang.reflect.Method)
com.fasterxml.jackson.databind.SerializerProvider: com.fasterxml.jackson.databind.JsonSerializer findPrimaryPropertySerializer(com.fasterxml.jackson.databind.JavaType,com.fasterxml.jackson.databind.BeanProperty)
androidx.appcompat.app.AppCompatDelegate$Api33Impl: void localeManagerSetApplicationLocales(java.lang.Object,android.os.LocaleList)
com.fasterxml.jackson.databind.introspect.ConcreteBeanPropertyBase: com.fasterxml.jackson.databind.PropertyMetadata getMetadata()
io.ktor.http.CookieEncoding: io.ktor.http.CookieEncoding[] values()
com.fasterxml.jackson.databind.deser.BuilderBasedDeserializer: java.lang.Object deserializeWithUnwrapped(com.fasterxml.jackson.core.JsonParser,com.fasterxml.jackson.databind.DeserializationContext,java.lang.Object,com.fasterxml.jackson.databind.util.TokenBuffer)
com.fasterxml.jackson.databind.deser.impl.BeanPropertyMap: java.util.List _properties()
com.fasterxml.jackson.databind.type.TypeParser: java.lang.IllegalArgumentException _problem(com.fasterxml.jackson.databind.type.TypeParser$MyTokenizer,java.lang.String)
com.fasterxml.jackson.databind.ser.std.UUIDSerializer: UUIDSerializer()
com.fasterxml.jackson.databind.deser.impl.PropertyValue: void setValue(java.lang.Object)
ai.cheq.sst.android.core.domain.Settings: java.lang.String getPublishPath()
com.fasterxml.jackson.core.JsonGenerationException: com.fasterxml.jackson.core.JsonGenerator getProcessor()
com.fasterxml.jackson.core.base.ParserBase: void convertNumberToBigDecimal()
androidx.core.view.ViewParentCompat$Api21Impl: boolean onNestedPreFling(android.view.ViewParent,android.view.View,float,float)
com.google.android.material.chip.Chip: void setChipIconVisible(int)
androidx.appcompat.app.AppCompatDelegateImpl$Api21Impl: boolean isPowerSaveMode(android.os.PowerManager)
com.fasterxml.jackson.databind.util.internal.LinkedDeque: void addFirst(com.fasterxml.jackson.databind.util.internal.Linked)
com.fasterxml.jackson.databind.deser.KeyDeserializers: com.fasterxml.jackson.databind.KeyDeserializer findKeyDeserializer(com.fasterxml.jackson.databind.JavaType,com.fasterxml.jackson.databind.DeserializationConfig,com.fasterxml.jackson.databind.BeanDescription)
com.fasterxml.jackson.databind.deser.std.PrimitiveArrayDeserializers$ByteDeser: byte[] _concat(byte[],byte[])
com.fasterxml.jackson.core.JsonGenerator: void writeEndObject()