app/build/outputs/mapping/release/usage.txt
com.google.android.material.color.DynamicColorsOptions
com.google.android.material.color.HarmonizedColorAttributes
com.google.android.material.color.HarmonizedColors
com.google.android.material.color.HarmonizedColorsOptions$1
com.google.android.material.color.HarmonizedColorsOptions$Builder
com.google.android.material.color.HarmonizedColorsOptions
com.google.android.material.color.MaterialColorUtilitiesHelper
com.google.android.material.color.MaterialColors:
    public static final float ALPHA_DISABLED
    public static final float ALPHA_DISABLED_LOW
    public static final float ALPHA_FULL
    public static final float ALPHA_LOW
    public static final float ALPHA_MEDIUM
    private static final int CHROMA_NEUTRAL
    private static final int TONE_ACCENT_CONTAINER_DARK
    private static final int TONE_ACCENT_CONTAINER_LIGHT
    private static final int TONE_ACCENT_DARK
    private static final int TONE_ACCENT_LIGHT
    private static final int TONE_ON_ACCENT_CONTAINER_DARK
    private static final int TONE_ON_ACCENT_CONTAINER_LIGHT
    private static final int TONE_ON_ACCENT_DARK
    private static final int TONE_ON_ACCENT_LIGHT
    private static final int TONE_SURFACE_CONTAINER_DARK
    private static final int TONE_SURFACE_CONTAINER_HIGH_DARK
    private static final int TONE_SURFACE_CONTAINER_HIGH_LIGHT
    private static final int TONE_SURFACE_CONTAINER_LIGHT
    private void <init>()
    private static int getColorRole(int,int)
    private static int getColorRole(int,int,int)
    public static com.google.android.material.color.ColorRoles getColorRoles(int,boolean)
    public static com.google.android.material.color.ColorRoles getColorRoles(android.content.Context,int)
    public static int getSurfaceContainerFromSeed(android.content.Context,int)
    public static int getSurfaceContainerHighFromSeed(android.content.Context,int)
    public static int harmonize(int,int)
com.google.android.material.color.ResourcesLoaderColorResourcesOverride$1
com.google.android.material.color.ResourcesLoaderColorResourcesOverride$ResourcesLoaderColorResourcesOverrideSingleton
com.google.android.material.color.ResourcesLoaderColorResourcesOverride
com.google.android.material.color.ResourcesLoaderUtils
com.google.android.material.color.ThemeUtils
com.google.android.material.color.utilities.Blend
com.google.android.material.color.utilities.Cam16
com.google.android.material.color.utilities.ColorUtils
com.google.android.material.color.utilities.Contrast
com.google.android.material.color.utilities.ContrastCurve
com.google.android.material.color.utilities.CorePalette
com.google.android.material.color.utilities.DislikeAnalyzer
com.google.android.material.color.utilities.DynamicColor
com.google.android.material.color.utilities.DynamicScheme
com.google.android.material.color.utilities.Hct
com.google.android.material.color.utilities.HctSolver
com.google.android.material.color.utilities.MaterialDynamicColors
com.google.android.material.color.utilities.MathUtils
com.google.android.material.color.utilities.PointProvider
com.google.android.material.color.utilities.PointProviderLab
com.google.android.material.color.utilities.Quantizer
com.google.android.material.color.utilities.QuantizerCelebi
com.google.android.material.color.utilities.QuantizerMap
com.google.android.material.color.utilities.QuantizerResult
com.google.android.material.color.utilities.QuantizerWsmeans$Distance
com.google.android.material.color.utilities.QuantizerWsmeans
com.google.android.material.color.utilities.QuantizerWu$1
com.google.android.material.color.utilities.QuantizerWu$Box
com.google.android.material.color.utilities.QuantizerWu$CreateBoxesResult
com.google.android.material.color.utilities.QuantizerWu$Direction
com.google.android.material.color.utilities.QuantizerWu$MaximizeResult
com.google.android.material.color.utilities.QuantizerWu
com.google.android.material.color.utilities.Scheme
com.google.android.material.color.utilities.SchemeContent